<?xml version="1.0" encoding="UTF-8"?>
<!-- Generated by org.testng.reporters.JUnitXMLReporter -->
<testsuite hostname="DESKTOP-CR1QQAJ" ignored="0" name="Default test" tests="4" failures="0" timestamp="2021-10-14T01:45:47 IST" time="49.507" errors="0">
  <testcase name="EnterUserName" time="1.663" classname="TestClass.LoginWithValidCreds"/>
  <testcase name="ClickonProject" time="22.322" classname="TestClass.LoginWithValidCreds"/>
  <testcase name="ClickOnCreateIssue" time="0.554" classname="TestClass.LoginWithValidCreds"/>
  <testcase name="PerformOnCreateIssue" time="14.631" classname="TestClass.LoginWithValidCreds"/>
</testsuite> <!-- Default test -->
