<?xml version="1.0" encoding="UTF-8"?>
<testng-results skipped="0" failed="0" ignored="0" total="4" passed="4">
  <reporter-output>
  </reporter-output>
  <suite name="Default suite" duration-ms="49507" started-at="2021-10-14T01:44:57 IST" finished-at="2021-10-14T01:45:47 IST">
    <groups>
    </groups>
    <test name="Default test" duration-ms="49507" started-at="2021-10-14T01:44:57 IST" finished-at="2021-10-14T01:45:47 IST">
      <class name="TestClass.LoginWithValidCreds">
        <test-method status="PASS" signature="setup1()[pri:0, instance:TestClass.LoginWithValidCreds@1786dec2]" name="setup1" is-config="true" duration-ms="10223" started-at="2021-10-14T01:44:57 IST" finished-at="2021-10-14T01:45:08 IST">
          <reporter-output>
          </reporter-output>
        </test-method> <!-- setup1 -->
        <test-method status="PASS" signature="setup()[pri:0, instance:TestClass.LoginWithValidCreds@1786dec2]" name="setup" is-config="true" duration-ms="2" started-at="2021-10-14T01:45:08 IST" finished-at="2021-10-14T01:45:08 IST">
          <reporter-output>
          </reporter-output>
        </test-method> <!-- setup -->
        <test-method status="PASS" signature="EnterUserName()[pri:1, instance:TestClass.LoginWithValidCreds@1786dec2]" name="EnterUserName" duration-ms="1663" started-at="2021-10-14T01:45:08 IST" finished-at="2021-10-14T01:45:09 IST">
          <reporter-output>
          </reporter-output>
        </test-method> <!-- EnterUserName -->
        <test-method status="PASS" signature="setup()[pri:0, instance:TestClass.LoginWithValidCreds@1786dec2]" name="setup" is-config="true" duration-ms="1" started-at="2021-10-14T01:45:09 IST" finished-at="2021-10-14T01:45:09 IST">
          <reporter-output>
          </reporter-output>
        </test-method> <!-- setup -->
        <test-method status="PASS" signature="ClickonProject()[pri:2, instance:TestClass.LoginWithValidCreds@1786dec2]" name="ClickonProject" duration-ms="22322" started-at="2021-10-14T01:45:09 IST" depends-on-methods="TestClass.LoginWithValidCreds.EnterUserName" finished-at="2021-10-14T01:45:32 IST">
          <reporter-output>
          </reporter-output>
        </test-method> <!-- ClickonProject -->
        <test-method status="PASS" signature="setup()[pri:0, instance:TestClass.LoginWithValidCreds@1786dec2]" name="setup" is-config="true" duration-ms="1" started-at="2021-10-14T01:45:32 IST" finished-at="2021-10-14T01:45:32 IST">
          <reporter-output>
          </reporter-output>
        </test-method> <!-- setup -->
        <test-method status="PASS" signature="ClickOnCreateIssue()[pri:3, instance:TestClass.LoginWithValidCreds@1786dec2]" name="ClickOnCreateIssue" duration-ms="554" started-at="2021-10-14T01:45:32 IST" depends-on-methods="TestClass.LoginWithValidCreds.ClickonProject" finished-at="2021-10-14T01:45:32 IST">
          <reporter-output>
          </reporter-output>
        </test-method> <!-- ClickOnCreateIssue -->
        <test-method status="PASS" signature="setup()[pri:0, instance:TestClass.LoginWithValidCreds@1786dec2]" name="setup" is-config="true" duration-ms="0" started-at="2021-10-14T01:45:32 IST" finished-at="2021-10-14T01:45:32 IST">
          <reporter-output>
          </reporter-output>
        </test-method> <!-- setup -->
        <test-method status="PASS" signature="PerformOnCreateIssue()[pri:4, instance:TestClass.LoginWithValidCreds@1786dec2]" name="PerformOnCreateIssue" duration-ms="14631" started-at="2021-10-14T01:45:32 IST" finished-at="2021-10-14T01:45:47 IST">
          <reporter-output>
          </reporter-output>
        </test-method> <!-- PerformOnCreateIssue -->
      </class> <!-- TestClass.LoginWithValidCreds -->
    </test> <!-- Default test -->
  </suite> <!-- Default suite -->
</testng-results>
